Using pre-set license
Built from '2020.2/release' branch; Version is '2020.2.2f1 (068178b99f32) revision 426360'; Using compiler version '192528614'; Build Type 'Release'
OS: 'Windows 10 Pro; OS build 19042.867; Version 2009; 64bit' Language: 'ru' Physical Memory: 8080 MB
BatchMode: 1, IsHumanControllingUs: 0, StartBugReporterOnCrash: 0, Is64bit: 1, IsPro: 0

 COMMAND LINE ARGUMENTS:
C:\Program Files\Unity\Hub\Editor\2020.2.2f1\Editor\Unity.exe
-adb2
-batchMode
-noUpm
-name
AssetImportWorker0
-projectPath
C:/Users/DesuK/Desktop/Artem/UFO
-logFile
Logs/AssetImportWorker0.log
-srvPort
59145
Successfully changed project path to: C:/Users/DesuK/Desktop/Artem/UFO
C:/Users/DesuK/Desktop/Artem/UFO
Using Asset Import Pipeline V2.
Refreshing native plugins compatible for Editor in 27.07 ms, found 0 plugins.
Preloading 0 native plugins for Editor in 0.00 ms.
Initialize engine version: 2020.2.2f1 (068178b99f32)
[Subsystems] Discovering subsystems at path C:/Program Files/Unity/Hub/Editor/2020.2.2f1/Editor/Data/Resources/UnitySubsystems
[Subsystems] Discovering subsystems at path C:/Users/DesuK/Desktop/Artem/UFO/Assets
GfxDevice: creating device client; threaded=0
Direct3D:
    Version:  Direct3D 11.0 [level 11.1]
    Renderer: Intel(R) HD Graphics 530 (ID=0x1912)
    Vendor:   
    VRAM:     4040 MB
    Driver:   27.20.100.9030
Initialize mono
Mono path[0] = 'C:/Program Files/Unity/Hub/Editor/2020.2.2f1/Editor/Data/Managed'
Mono path[1] = 'C:/Program Files/Unity/Hub/Editor/2020.2.2f1/Editor/Data/MonoBleedingEdge/lib/mono/unityjit'
Mono config path = 'C:/Program Files/Unity/Hub/Editor/2020.2.2f1/Editor/Data/MonoBleedingEdge/etc'
Using monoOptions --debugger-agent=transport=dt_socket,embedding=1,server=y,suspend=n,address=127.0.0.1:56828
Begin MonoManager ReloadAssembly
Registering precompiled unity dll's ...
Register platform support module: C:/Program Files/Unity/Hub/Editor/2020.2.2f1/Editor/Data/PlaybackEngines/WindowsStandaloneSupport/UnityEditor.WindowsStandalone.Extensions.dll
Registered in 0.053252 seconds.
Native extension for WindowsStandalone target not found
Refreshing native plugins compatible for Editor in 27.21 ms, found 0 plugins.
Preloading 0 native plugins for Editor in 0.00 ms.
Invoked RoslynAnalysisRunner static constructor.
RoslynAnalysisRunner will not be running.
RoslynAnalysisRunner has terminated.
Mono: successfully reloaded assembly
- Completed reload, in  1.344 seconds
Platform modules already initialized, skipping
Registering precompiled user dll's ...
Registered in 0.011425 seconds.
Begin MonoManager ReloadAssembly
Native extension for WindowsStandalone target not found
Refreshing native plugins compatible for Editor in 0.33 ms, found 0 plugins.
Preloading 0 native plugins for Editor in 0.00 ms.
Invoked RoslynAnalysisRunner static constructor.
RoslynAnalysisRunner will not be running.
RoslynAnalysisRunner has terminated.
Mono: successfully reloaded assembly
- Completed reload, in  1.230 seconds
Platform modules already initialized, skipping
========================================================================
Worker process is ready to serve import requests
Launched and connected shader compiler UnityShaderCompiler.exe after 0.07 seconds
Refreshing native plugins compatible for Editor in 0.38 ms, found 0 plugins.
Preloading 0 native plugins for Editor in 0.00 ms.
Unloading 1101 Unused Serialized files (Serialized files now loaded: 0)
System memory in use before: 56.7 MB.
System memory in use after: 56.8 MB.

Unloading 10 unused Assets to reduce memory usage. Loaded Objects now: 1542.
Total: 1.726600 ms (FindLiveObjects: 0.164200 ms CreateObjectMapping: 0.039600 ms MarkObjects: 1.422100 ms  DeleteObjects: 0.099800 ms)

========================================================================
Received Import Request.
  path: Assets/UFO.cs
  artifactKey: Guid(f5e067af7d8f11240ae6a8f2c9ac869d) Importer(815301076,1909f56bfc062723c751e8b465ee728b)
Start importing Assets/UFO.cs using Guid(f5e067af7d8f11240ae6a8f2c9ac869d) Importer(815301076,1909f56bfc062723c751e8b465ee728b)  -> (artifact id: '2149e8f2759e6e49dc17ac06850a2f1b') in 0.042027 seconds
  Import took 0.044961 seconds .

========================================================================
Received Prepare
Registering precompiled user dll's ...
Registered in 0.000692 seconds.
Begin MonoManager ReloadAssembly
Native extension for WindowsStandalone target not found
Refreshing native plugins compatible for Editor in 0.23 ms, found 0 plugins.
Preloading 0 native plugins for Editor in 0.00 ms.
Invoked RoslynAnalysisRunner static constructor.
RoslynAnalysisRunner will not be running.
RoslynAnalysisRunner has terminated.
Mono: successfully reloaded assembly
- Completed reload, in  0.864 seconds
Platform modules already initialized, skipping
Refreshing native plugins compatible for Editor in 0.23 ms, found 0 plugins.
Preloading 0 native plugins for Editor in 0.00 ms.
Unloading 1096 Unused Serialized files (Serialized files now loaded: 0)
System memory in use before: 56.8 MB.
System memory in use after: 56.9 MB.

Unloading 5 unused Assets to reduce memory usage. Loaded Objects now: 1544.
Total: 2.037400 ms (FindLiveObjects: 0.160700 ms CreateObjectMapping: 0.045300 ms MarkObjects: 1.735800 ms  DeleteObjects: 0.094300 ms)

========================================================================
Received Prepare
Registering precompiled user dll's ...
Registered in 0.000902 seconds.
Begin MonoManager ReloadAssembly
Native extension for WindowsStandalone target not found
Refreshing native plugins compatible for Editor in 0.21 ms, found 0 plugins.
Preloading 0 native plugins for Editor in 0.00 ms.
Invoked RoslynAnalysisRunner static constructor.
RoslynAnalysisRunner will not be running.
RoslynAnalysisRunner has terminated.
Mono: successfully reloaded assembly
- Completed reload, in  0.945 seconds
Platform modules already initialized, skipping
Refreshing native plugins compatible for Editor in 0.22 ms, found 0 plugins.
Preloading 0 native plugins for Editor in 0.00 ms.
Unloading 1096 Unused Serialized files (Serialized files now loaded: 0)
System memory in use before: 56.9 MB.
System memory in use after: 57.0 MB.

Unloading 5 unused Assets to reduce memory usage. Loaded Objects now: 1546.
Total: 1.931400 ms (FindLiveObjects: 0.187400 ms CreateObjectMapping: 0.042500 ms MarkObjects: 1.639300 ms  DeleteObjects: 0.061300 ms)

========================================================================
Received Prepare
Registering precompiled user dll's ...
Registered in 0.000803 seconds.
Begin MonoManager ReloadAssembly
Native extension for WindowsStandalone target not found
Refreshing native plugins compatible for Editor in 0.20 ms, found 0 plugins.
Preloading 0 native plugins for Editor in 0.00 ms.
Invoked RoslynAnalysisRunner static constructor.
RoslynAnalysisRunner will not be running.
RoslynAnalysisRunner has terminated.
Mono: successfully reloaded assembly
- Completed reload, in  0.863 seconds
Platform modules already initialized, skipping
Refreshing native plugins compatible for Editor in 0.20 ms, found 0 plugins.
Preloading 0 native plugins for Editor in 0.00 ms.
Unloading 1096 Unused Serialized files (Serialized files now loaded: 0)
System memory in use before: 57.1 MB.
System memory in use after: 57.1 MB.

Unloading 5 unused Assets to reduce memory usage. Loaded Objects now: 1548.
Total: 1.633900 ms (FindLiveObjects: 0.128200 ms CreateObjectMapping: 0.039600 ms MarkObjects: 1.413400 ms  DeleteObjects: 0.051800 ms)

========================================================================
Received Prepare
Registering precompiled user dll's ...
Registered in 0.001038 seconds.
Begin MonoManager ReloadAssembly
Native extension for WindowsStandalone target not found
Refreshing native plugins compatible for Editor in 0.36 ms, found 0 plugins.
Preloading 0 native plugins for Editor in 0.00 ms.
Invoked RoslynAnalysisRunner static constructor.
RoslynAnalysisRunner will not be running.
RoslynAnalysisRunner has terminated.
Mono: successfully reloaded assembly
- Completed reload, in  1.014 seconds
Platform modules already initialized, skipping
Refreshing native plugins compatible for Editor in 0.21 ms, found 0 plugins.
Preloading 0 native plugins for Editor in 0.00 ms.
Unloading 1096 Unused Serialized files (Serialized files now loaded: 0)
System memory in use before: 57.2 MB.
System memory in use after: 57.3 MB.

Unloading 5 unused Assets to reduce memory usage. Loaded Objects now: 1550.
Total: 2.240300 ms (FindLiveObjects: 0.211700 ms CreateObjectMapping: 0.091200 ms MarkObjects: 1.868500 ms  DeleteObjects: 0.067700 ms)

========================================================================
Received Import Request.
  Time since last request: 908.124657 seconds.
  path: Assets/Materials
  artifactKey: Guid(ebc7d7c83c2ff3544a1cc1acc473d629) Importer(815301076,1909f56bfc062723c751e8b465ee728b)
Start importing Assets/Materials using Guid(ebc7d7c83c2ff3544a1cc1acc473d629) Importer(815301076,1909f56bfc062723c751e8b465ee728b)  -> (artifact id: 'c8bcd69c97c603a2dc7be798ecf368ba') in 0.004429 seconds
  Import took 0.006340 seconds .

========================================================================
Received Import Request.
  Time since last request: 19.949212 seconds.
  path: Assets/Prefabs
  artifactKey: Guid(20b009fdb0fb0364d89dff611996d163) Importer(815301076,1909f56bfc062723c751e8b465ee728b)
Start importing Assets/Prefabs using Guid(20b009fdb0fb0364d89dff611996d163) Importer(815301076,1909f56bfc062723c751e8b465ee728b)  -> (artifact id: '3ffb9fadbf1f18355dcc6961b70b88c3') in 0.009937 seconds
  Import took 0.012743 seconds .

========================================================================
Received Import Request.
  Time since last request: 17.997138 seconds.
  path: Assets/Scripts
  artifactKey: Guid(009dd493bffa7344d83e07ba4f872972) Importer(815301076,1909f56bfc062723c751e8b465ee728b)
Start importing Assets/Scripts using Guid(009dd493bffa7344d83e07ba4f872972) Importer(815301076,1909f56bfc062723c751e8b465ee728b)  -> (artifact id: '0867a4f6aa624a8781a2aa9a633c2988') in 0.007315 seconds
  Import took 0.010936 seconds .

========================================================================
Received Import Request.
  Time since last request: 12.241013 seconds.
  path: Assets/UFO.cs
  artifactKey: Guid(f5e067af7d8f11240ae6a8f2c9ac869d) Importer(815301076,1909f56bfc062723c751e8b465ee728b)
Start importing Assets/UFO.cs using Guid(f5e067af7d8f11240ae6a8f2c9ac869d) Importer(815301076,1909f56bfc062723c751e8b465ee728b)  -> (artifact id: 'c5f969fba72617ccd13e9d09ba48cbbb') in 0.011957 seconds
  Import took 0.017064 seconds .

========================================================================
Received Import Request.
  Time since last request: 0.722608 seconds.
  path: Assets/SceneLoader.cs
  artifactKey: Guid(00123f980c09f534a976c67b94113754) Importer(815301076,1909f56bfc062723c751e8b465ee728b)
Start importing Assets/SceneLoader.cs using Guid(00123f980c09f534a976c67b94113754) Importer(815301076,1909f56bfc062723c751e8b465ee728b)  -> (artifact id: '12847d8eff150be91bd02f3d31f33c78') in 0.003097 seconds
  Import took 0.004994 seconds .

========================================================================
Received Import Request.
  Time since last request: 0.013953 seconds.
  path: Assets/SceneLoader.cs
  artifactKey: Guid(00123f980c09f534a976c67b94113754) Importer(815301076,1909f56bfc062723c751e8b465ee728b)
Start importing Assets/SceneLoader.cs using Guid(00123f980c09f534a976c67b94113754) Importer(815301076,1909f56bfc062723c751e8b465ee728b)  -> (artifact id: '12847d8eff150be91bd02f3d31f33c78') in 0.003933 seconds
  Import took 0.006437 seconds .

========================================================================
Received Prepare
Registering precompiled user dll's ...
Registered in 0.000794 seconds.
Begin MonoManager ReloadAssembly
Native extension for WindowsStandalone target not found
Refreshing native plugins compatible for Editor in 0.30 ms, found 0 plugins.
Preloading 0 native plugins for Editor in 0.00 ms.
Invoked RoslynAnalysisRunner static constructor.
RoslynAnalysisRunner will not be running.
RoslynAnalysisRunner has terminated.
Mono: successfully reloaded assembly
- Completed reload, in  0.969 seconds
Platform modules already initialized, skipping
Refreshing native plugins compatible for Editor in 0.20 ms, found 0 plugins.
Preloading 0 native plugins for Editor in 0.00 ms.
Unloading 1096 Unused Serialized files (Serialized files now loaded: 0)
System memory in use before: 57.3 MB.
System memory in use after: 57.4 MB.

Unloading 5 unused Assets to reduce memory usage. Loaded Objects now: 1552.
Total: 2.283700 ms (FindLiveObjects: 0.231300 ms CreateObjectMapping: 0.114100 ms MarkObjects: 1.844800 ms  DeleteObjects: 0.092000 ms)

========================================================================
Received Import Request.
  Time since last request: 14.658556 seconds.
  path: Assets/Scenes
  artifactKey: Guid(6acf4ff7116affe4bb239b847ac4bb40) Importer(815301076,1909f56bfc062723c751e8b465ee728b)
Start importing Assets/Scenes using Guid(6acf4ff7116affe4bb239b847ac4bb40) Importer(815301076,1909f56bfc062723c751e8b465ee728b)  -> (artifact id: '7a1a560a1b103273597a7bfa22e34695') in 0.013142 seconds
  Import took 0.015640 seconds .

========================================================================
Received Import Request.
  Time since last request: 1.033091 seconds.
  path: Assets/Scenes/SampleScene.unity
  artifactKey: Guid(9fc0d4010bbf28b4594072e72b8655ab) Importer(815301076,1909f56bfc062723c751e8b465ee728b)
Start importing Assets/Scenes/SampleScene.unity using Guid(9fc0d4010bbf28b4594072e72b8655ab) Importer(815301076,1909f56bfc062723c751e8b465ee728b)  -> (artifact id: '848f769ecce10ed9888d49376a46eea9') in 0.018247 seconds
  Import took 0.020372 seconds .

========================================================================
Received Import Request.
  Time since last request: 36.252272 seconds.
  path: Assets/Scenes/Scene_1.unity
  artifactKey: Guid(9fc0d4010bbf28b4594072e72b8655ab) Importer(815301076,1909f56bfc062723c751e8b465ee728b)
Start importing Assets/Scenes/Scene_1.unity using Guid(9fc0d4010bbf28b4594072e72b8655ab) Importer(815301076,1909f56bfc062723c751e8b465ee728b)  -> (artifact id: 'f789f05e6f1d6761480899b2b27a3555') in 0.024336 seconds
  Import took 0.027965 seconds .

========================================================================
Received Prepare
Registering precompiled user dll's ...
Registered in 0.000958 seconds.
Begin MonoManager ReloadAssembly
Native extension for WindowsStandalone target not found
Refreshing native plugins compatible for Editor in 0.21 ms, found 0 plugins.
Preloading 0 native plugins for Editor in 0.00 ms.
Invoked RoslynAnalysisRunner static constructor.
RoslynAnalysisRunner will not be running.
RoslynAnalysisRunner has terminated.
Mono: successfully reloaded assembly
- Completed reload, in  1.478 seconds
Platform modules already initialized, skipping
Refreshing native plugins compatible for Editor in 0.18 ms, found 0 plugins.
Preloading 0 native plugins for Editor in 0.00 ms.
Unloading 1096 Unused Serialized files (Serialized files now loaded: 0)
System memory in use before: 57.5 MB.
System memory in use after: 57.6 MB.

Unloading 5 unused Assets to reduce memory usage. Loaded Objects now: 1554.
Total: 2.223800 ms (FindLiveObjects: 0.240800 ms CreateObjectMapping: 0.075800 ms MarkObjects: 1.828500 ms  DeleteObjects: 0.077700 ms)

========================================================================
Received Prepare
Registering precompiled user dll's ...
Registered in 0.000885 seconds.
Begin MonoManager ReloadAssembly
Native extension for WindowsStandalone target not found
Refreshing native plugins compatible for Editor in 0.46 ms, found 0 plugins.
Preloading 0 native plugins for Editor in 0.00 ms.
Invoked RoslynAnalysisRunner static constructor.
RoslynAnalysisRunner will not be running.
RoslynAnalysisRunner has terminated.
Mono: successfully reloaded assembly
- Completed reload, in  1.661 seconds
Platform modules already initialized, skipping
Refreshing native plugins compatible for Editor in 0.47 ms, found 0 plugins.
Preloading 0 native plugins for Editor in 0.00 ms.
Unloading 1096 Unused Serialized files (Serialized files now loaded: 0)
System memory in use before: 57.6 MB.
System memory in use after: 57.7 MB.

Unloading 5 unused Assets to reduce memory usage. Loaded Objects now: 1556.
Total: 2.630400 ms (FindLiveObjects: 0.150700 ms CreateObjectMapping: 0.045800 ms MarkObjects: 2.371000 ms  DeleteObjects: 0.060800 ms)

========================================================================
Received Prepare
Registering precompiled user dll's ...
Registered in 0.002458 seconds.
Begin MonoManager ReloadAssembly
Native extension for WindowsStandalone target not found
Refreshing native plugins compatible for Editor in 0.39 ms, found 0 plugins.
Preloading 0 native plugins for Editor in 0.00 ms.
Invoked RoslynAnalysisRunner static constructor.
RoslynAnalysisRunner will not be running.
RoslynAnalysisRunner has terminated.
Mono: successfully reloaded assembly
- Completed reload, in  1.955 seconds
Platform modules already initialized, skipping
Refreshing native plugins compatible for Editor in 0.32 ms, found 0 plugins.
Preloading 0 native plugins for Editor in 0.00 ms.
Unloading 1096 Unused Serialized files (Serialized files now loaded: 0)
System memory in use before: 57.7 MB.
System memory in use after: 57.8 MB.

Unloading 5 unused Assets to reduce memory usage. Loaded Objects now: 1558.
Total: 4.158900 ms (FindLiveObjects: 0.194500 ms CreateObjectMapping: 0.060200 ms MarkObjects: 3.820200 ms  DeleteObjects: 0.081900 ms)

========================================================================
Received Import Request.
  Time since last request: 687.613172 seconds.
  path: Assets/Scripts/SceneLoader.cs
  artifactKey: Guid(00123f980c09f534a976c67b94113754) Importer(815301076,1909f56bfc062723c751e8b465ee728b)
Start importing Assets/Scripts/SceneLoader.cs using Guid(00123f980c09f534a976c67b94113754) Importer(815301076,1909f56bfc062723c751e8b465ee728b)  -> (artifact id: '2bfa760c3cbf345300c78948813681ad') in 0.012148 seconds
  Import took 0.016640 seconds .

========================================================================
Received Import Request.
  Time since last request: 4.961192 seconds.
  path: Assets/Scripts/UFO.cs
  artifactKey: Guid(f5e067af7d8f11240ae6a8f2c9ac869d) Importer(815301076,1909f56bfc062723c751e8b465ee728b)
Start importing Assets/Scripts/UFO.cs using Guid(f5e067af7d8f11240ae6a8f2c9ac869d) Importer(815301076,1909f56bfc062723c751e8b465ee728b)  -> (artifact id: 'c70c7ee2167109fc418358e9ca165627') in 0.005955 seconds
  Import took 0.007960 seconds .

========================================================================
Received Import Request.
  Time since last request: 0.029096 seconds.
  path: Assets/Scripts/UFO.cs
  artifactKey: Guid(f5e067af7d8f11240ae6a8f2c9ac869d) Importer(815301076,1909f56bfc062723c751e8b465ee728b)
Start importing Assets/Scripts/UFO.cs using Guid(f5e067af7d8f11240ae6a8f2c9ac869d) Importer(815301076,1909f56bfc062723c751e8b465ee728b)  -> (artifact id: 'c70c7ee2167109fc418358e9ca165627') in 0.005746 seconds
  Import took 0.009007 seconds .

========================================================================
Received Import Request.
  Time since last request: 86.915972 seconds.
  path: Assets/Scripts/UFO.cs
  artifactKey: Guid(f5e067af7d8f11240ae6a8f2c9ac869d) Importer(815301076,1909f56bfc062723c751e8b465ee728b)
Start importing Assets/Scripts/UFO.cs using Guid(f5e067af7d8f11240ae6a8f2c9ac869d) Importer(815301076,1909f56bfc062723c751e8b465ee728b)  -> (artifact id: '7851c4573546af731159035954ff3c03') in 0.003498 seconds
  Import took 0.005793 seconds .

========================================================================
Received Prepare
Registering precompiled user dll's ...
Registered in 0.000768 seconds.
Begin MonoManager ReloadAssembly
Native extension for WindowsStandalone target not found
Refreshing native plugins compatible for Editor in 0.27 ms, found 0 plugins.
Preloading 0 native plugins for Editor in 0.00 ms.
Invoked RoslynAnalysisRunner static constructor.
RoslynAnalysisRunner will not be running.
RoslynAnalysisRunner has terminated.
Mono: successfully reloaded assembly
- Completed reload, in  0.942 seconds
Platform modules already initialized, skipping
Refreshing native plugins compatible for Editor in 0.20 ms, found 0 plugins.
Preloading 0 native plugins for Editor in 0.00 ms.
Unloading 1096 Unused Serialized files (Serialized files now loaded: 0)
System memory in use before: 57.9 MB.
System memory in use after: 57.9 MB.

Unloading 5 unused Assets to reduce memory usage. Loaded Objects now: 1560.
Total: 1.616500 ms (FindLiveObjects: 0.166500 ms CreateObjectMapping: 0.056300 ms MarkObjects: 1.340200 ms  DeleteObjects: 0.052600 ms)

========================================================================
Received Prepare
Registering precompiled user dll's ...
Registered in 0.000871 seconds.
Begin MonoManager ReloadAssembly
Native extension for WindowsStandalone target not found
Refreshing native plugins compatible for Editor in 0.21 ms, found 0 plugins.
Preloading 0 native plugins for Editor in 0.00 ms.
Invoked RoslynAnalysisRunner static constructor.
RoslynAnalysisRunner will not be running.
RoslynAnalysisRunner has terminated.
Mono: successfully reloaded assembly
- Completed reload, in  1.209 seconds
Platform modules already initialized, skipping
Refreshing native plugins compatible for Editor in 0.22 ms, found 0 plugins.
Preloading 0 native plugins for Editor in 0.00 ms.
Unloading 1096 Unused Serialized files (Serialized files now loaded: 0)
System memory in use before: 58.0 MB.
System memory in use after: 58.1 MB.

Unloading 5 unused Assets to reduce memory usage. Loaded Objects now: 1562.
Total: 1.696500 ms (FindLiveObjects: 0.187400 ms CreateObjectMapping: 0.053900 ms MarkObjects: 1.393500 ms  DeleteObjects: 0.060000 ms)

========================================================================
Received Prepare
Registering precompiled user dll's ...
Registered in 0.000841 seconds.
Begin MonoManager ReloadAssembly
Native extension for WindowsStandalone target not found
Refreshing native plugins compatible for Editor in 0.30 ms, found 0 plugins.
Preloading 0 native plugins for Editor in 0.00 ms.
Invoked RoslynAnalysisRunner static constructor.
RoslynAnalysisRunner will not be running.
RoslynAnalysisRunner has terminated.
Mono: successfully reloaded assembly
- Completed reload, in  1.126 seconds
Platform modules already initialized, skipping
Refreshing native plugins compatible for Editor in 0.21 ms, found 0 plugins.
Preloading 0 native plugins for Editor in 0.00 ms.
Unloading 1096 Unused Serialized files (Serialized files now loaded: 0)
System memory in use before: 58.1 MB.
System memory in use after: 58.2 MB.

Unloading 5 unused Assets to reduce memory usage. Loaded Objects now: 1564.
Total: 2.345900 ms (FindLiveObjects: 0.155000 ms CreateObjectMapping: 0.038500 ms MarkObjects: 2.095000 ms  DeleteObjects: 0.056100 ms)

========================================================================
Received Prepare
Registering precompiled user dll's ...
Registered in 0.000971 seconds.
Begin MonoManager ReloadAssembly
Native extension for WindowsStandalone target not found
Refreshing native plugins compatible for Editor in 0.23 ms, found 0 plugins.
Preloading 0 native plugins for Editor in 0.00 ms.
Invoked RoslynAnalysisRunner static constructor.
RoslynAnalysisRunner will not be running.
RoslynAnalysisRunner has terminated.
Mono: successfully reloaded assembly
- Completed reload, in  1.766 seconds
Platform modules already initialized, skipping
Refreshing native plugins compatible for Editor in 0.89 ms, found 0 plugins.
Preloading 0 native plugins for Editor in 0.00 ms.
Unloading 1096 Unused Serialized files (Serialized files now loaded: 0)
System memory in use before: 58.3 MB.
System memory in use after: 58.3 MB.

Unloading 5 unused Assets to reduce memory usage. Loaded Objects now: 1566.
Total: 1.796700 ms (FindLiveObjects: 0.175300 ms CreateObjectMapping: 0.054600 ms MarkObjects: 1.512000 ms  DeleteObjects: 0.053400 ms)

========================================================================
Received Import Request.
  Time since last request: 556.198452 seconds.
  path: Assets/Prefabs/Earth 1.prefab
  artifactKey: Guid(34edfee7cb01a444f81845bb017c520c) Importer(815301076,1909f56bfc062723c751e8b465ee728b)
Start importing Assets/Prefabs/Earth 1.prefab using Guid(34edfee7cb01a444f81845bb017c520c) Importer(815301076,1909f56bfc062723c751e8b465ee728b)  -> (artifact id: '60e6603cfdd93dfd1b945e070fc59990') in 0.287245 seconds
  Import took 0.290213 seconds .

========================================================================
Received Import Request.
  Time since last request: 4.085979 seconds.
  path: Assets/Prefabs/StartingPoint 1.prefab
  artifactKey: Guid(2d746db88727fc947ae9ab57edd34550) Importer(815301076,1909f56bfc062723c751e8b465ee728b)
Start importing Assets/Prefabs/StartingPoint 1.prefab using Guid(2d746db88727fc947ae9ab57edd34550) Importer(815301076,1909f56bfc062723c751e8b465ee728b)  -> (artifact id: '57cc776657a4d8d5f4bff2cc823172c7') in 0.026417 seconds
  Import took 0.029205 seconds .

========================================================================
Received Import Request.
  Time since last request: 25.570949 seconds.
  path: Assets/Prefabs/Earth.prefab
  artifactKey: Guid(40085499125f2574fa4a39e262cffcb5) Importer(815301076,1909f56bfc062723c751e8b465ee728b)
Start importing Assets/Prefabs/Earth.prefab using Guid(40085499125f2574fa4a39e262cffcb5) Importer(815301076,1909f56bfc062723c751e8b465ee728b)  -> (artifact id: 'bdc7a7d754a768495440aaf023fb84df') in 0.026590 seconds
  Import took 0.031692 seconds .

========================================================================
Received Import Request.
  Time since last request: 2.102939 seconds.
  path: Assets/Prefabs/StartingPoint.prefab
  artifactKey: Guid(8bb1de1f4383bd547a581d3cb795d1a9) Importer(815301076,1909f56bfc062723c751e8b465ee728b)
Start importing Assets/Prefabs/StartingPoint.prefab using Guid(8bb1de1f4383bd547a581d3cb795d1a9) Importer(815301076,1909f56bfc062723c751e8b465ee728b)  -> (artifact id: 'a07cdb1a811b7a85cfe52b0c5079995a') in 0.016399 seconds
  Import took 0.019006 seconds .

========================================================================
Received Import Request.
  Time since last request: 2.072010 seconds.
  path: Assets/Prefabs/FinishTeleport.prefab
  artifactKey: Guid(e5684c6823f5f7b4ca3a590ec05d3997) Importer(815301076,1909f56bfc062723c751e8b465ee728b)
Start importing Assets/Prefabs/FinishTeleport.prefab using Guid(e5684c6823f5f7b4ca3a590ec05d3997) Importer(815301076,1909f56bfc062723c751e8b465ee728b)  -> (artifact id: 'e54f1a65519fb0d46477bca789d5c10b') in 0.016591 seconds
  Import took 0.019152 seconds .

========================================================================
Received Import Request.
  Time since last request: 1.944217 seconds.
  path: Assets/Prefabs/UFO.prefab
  artifactKey: Guid(2f54ef9634f47894d9c59943786f64d0) Importer(815301076,1909f56bfc062723c751e8b465ee728b)
Start importing Assets/Prefabs/UFO.prefab using Guid(2f54ef9634f47894d9c59943786f64d0) Importer(815301076,1909f56bfc062723c751e8b465ee728b)  -> (artifact id: '5d5a46ff53628acbac8e743d9a122c57') in 0.034524 seconds
  Import took 0.037234 seconds .

========================================================================
Received Import Request.
  Time since last request: 2.104862 seconds.
  path: Assets/Prefabs/Barrier.prefab
  artifactKey: Guid(4804fe2057851b44bb22f562e68ebfe0) Importer(815301076,1909f56bfc062723c751e8b465ee728b)
Start importing Assets/Prefabs/Barrier.prefab using Guid(4804fe2057851b44bb22f562e68ebfe0) Importer(815301076,1909f56bfc062723c751e8b465ee728b)  -> (artifact id: '58ec937f24cc961c4683b76045d7ac9c') in 0.017493 seconds
  Import took 0.020426 seconds .

========================================================================
Received Import Request.
  Time since last request: 106.617189 seconds.
  path: Assets/Scenes/Scene_1 1.unity
  artifactKey: Guid(b0b3f4acadcdd0e409cacabaf1557446) Importer(815301076,1909f56bfc062723c751e8b465ee728b)
Start importing Assets/Scenes/Scene_1 1.unity using Guid(b0b3f4acadcdd0e409cacabaf1557446) Importer(815301076,1909f56bfc062723c751e8b465ee728b)  -> (artifact id: 'a405d1dcb43bc9c795c8ba126c9bc45c') in 0.018166 seconds
  Import took 0.021467 seconds .

========================================================================
Received Prepare
Registering precompiled user dll's ...
Registered in 0.000780 seconds.
Begin MonoManager ReloadAssembly
Native extension for WindowsStandalone target not found
Refreshing native plugins compatible for Editor in 0.21 ms, found 0 plugins.
Preloading 0 native plugins for Editor in 0.00 ms.
Invoked RoslynAnalysisRunner static constructor.
RoslynAnalysisRunner will not be running.
RoslynAnalysisRunner has terminated.
Mono: successfully reloaded assembly
- Completed reload, in  0.910 seconds
Platform modules already initialized, skipping
Refreshing native plugins compatible for Editor in 0.43 ms, found 0 plugins.
Preloading 0 native plugins for Editor in 0.00 ms.
Unloading 1096 Unused Serialized files (Serialized files now loaded: 0)
System memory in use before: 61.6 MB.
System memory in use after: 61.6 MB.

Unloading 5 unused Assets to reduce memory usage. Loaded Objects now: 1577.
Total: 2.589100 ms (FindLiveObjects: 0.201900 ms CreateObjectMapping: 0.039400 ms MarkObjects: 2.277500 ms  DeleteObjects: 0.069300 ms)

========================================================================
Received Prepare
Registering precompiled user dll's ...
Registered in 0.002376 seconds.
Begin MonoManager ReloadAssembly
Native extension for WindowsStandalone target not found
Refreshing native plugins compatible for Editor in 0.21 ms, found 0 plugins.
Preloading 0 native plugins for Editor in 0.00 ms.
Invoked RoslynAnalysisRunner static constructor.
RoslynAnalysisRunner will not be running.
RoslynAnalysisRunner has terminated.
Mono: successfully reloaded assembly
- Completed reload, in  0.913 seconds
Platform modules already initialized, skipping
Refreshing native plugins compatible for Editor in 0.20 ms, found 0 plugins.
Preloading 0 native plugins for Editor in 0.00 ms.
Unloading 1096 Unused Serialized files (Serialized files now loaded: 0)
System memory in use before: 61.7 MB.
System memory in use after: 61.8 MB.

Unloading 5 unused Assets to reduce memory usage. Loaded Objects now: 1579.
Total: 2.569900 ms (FindLiveObjects: 0.215100 ms CreateObjectMapping: 0.037200 ms MarkObjects: 2.245600 ms  DeleteObjects: 0.070800 ms)

AssetImportWorkerClient::OnTransportError - code=2 error=End of file
